#
# A fatal error has been detected by the Java Runtime Environment:
#
#  EXCEPTION_ACCESS_VIOLATION (0xc0000005) at pc=0x000000006d585988, pid=23444, tid=0x0000000000002120
#
# JRE version: Java(TM) SE Runtime Environment (8.0_261-b12) (build 1.8.0_261-b12)
# Java VM: Java HotSpot(TM) 64-Bit Server VM (25.261-b12 mixed mode windows-amd64 compressed oops)
# Problematic frame:
# C  [sqlite-3.8.11.2-87430f8d-1950-49c6-a6ad-6a7b88e3746e-sqlitejdbc.dll+0x5988]
#
# Failed to write core dump. Minidumps are not enabled by default on client versions of Windows
#
# If you would like to submit a bug report, please visit:
#   http://bugreport.java.com/bugreport/crash.jsp
# The crash happened outside the Java Virtual Machine in native code.
# See problematic frame for where to report the bug.
#

---------------  T H R E A D  ---------------

Current thread (0x0000020bcd600000):  JavaThread "main" [_thread_in_native, id=8480, stack(0x000000ca36700000,0x000000ca36800000)]

siginfo: ExceptionCode=0xc0000005, reading address 0x0000000000000000

Registers:
RAX=0x000000006d582330, RBX=0x0000020bcd6001f8, RCX=0x0000000000000000, RDX=0x0000000000000000
RSP=0x000000ca367ff170, RBP=0x000000ca367ff298, RSI=0x0000000091000021, RDI=0x0000020bcf02837d
R8 =0x000000006d5b0b10, R9 =0x0000000000000000, R10=0x0000020bcf03ab86, R11=0x0000000073889e30
R12=0x0000000000000000, R13=0x0000020be7c555e0, R14=0x000000ca367ff2d0, R15=0x0000020bcd600000
RIP=0x000000006d585988, EFLAGS=0x0000000000010202

Top of Stack: (sp=0x000000ca367ff170)
0x000000ca367ff170:   0000020be7cb9bb8 0000020be7cb9bb8
0x000000ca367ff180:   000000ca367ff318 000000ca367ff2c8
0x000000ca367ff190:   0000000000000000 0000020be7c51f20
0x000000ca367ff1a0:   00000007c006c408 0000020bcd6001f8
0x000000ca367ff1b0:   0000000091000021 0000020bcf02837d
0x000000ca367ff1c0:   000000ca367ff298 000000006d582343
0x000000ca367ff1d0:   0000020b00000005 000000ca367ff2b8
0x000000ca367ff1e0:   0000020bcf046b43 0000020bcf0256d0
0x000000ca367ff1f0:   0000020be7c555e0 0000020bcf03abb2
0x000000ca367ff200:   000000ca367ff2b8 0000020be7cb9bb8
0x000000ca367ff210:   0000020bcd600000 0000020be7cbeb08
0x000000ca367ff220:   0000020b000000b6 0000020be7cbeb30
0x000000ca367ff230:   0000020bcd600000 0000020be7cb9bb8
0x000000ca367ff240:   0000020bcd600000 0000000000000001
0x000000ca367ff250:   000000076ba44280 000000ca367ff248
0x000000ca367ff260:   0000000000000000 000000ca367ff2d0 

Instructions: (pc=0x000000006d585988)
0x000000006d585968:   83 79 28 00 74 07 0f b7 81 88 00 00 00 f3 c3 66
0x000000006d585978:   0f 1f 84 00 00 00 00 00 55 57 56 53 48 83 ec 38
0x000000006d585988:   48 8b 31 0f b7 81 88 00 00 00 85 d2 48 89 cb 4c
0x000000006d585998:   89 c7 78 74 39 c2 7d 70 44 89 cd 48 8b 4e 18 0f 


Register to memory mapping:

RAX=0x000000006d582330 is an unknown value
RBX=0x0000020bcd6001f8 is an unknown value
RCX=0x0000000000000000 is an unknown value
RDX=0x0000000000000000 is an unknown value
RSP=0x000000ca367ff170 is pointing into the stack for thread: 0x0000020bcd600000
RBP=0x000000ca367ff298 is pointing into the stack for thread: 0x0000020bcd600000
RSI=0x0000000091000021 is an unknown value
RDI=0x0000020bcf02837d is at code_begin+2301 in an Interpreter codelet
invoke return entry points  [0x0000020bcf027a80, 0x0000020bcf028460]  2528 bytes
R8 =0x000000006d5b0b10 is an unknown value
R9 =0x0000000000000000 is an unknown value
R10=0x0000020bcf03ab86 is at code_begin+1382 in an Interpreter codelet
method entry point (kind = native_synchronized)  [0x0000020bcf03a620, 0x0000020bcf03b260]  3136 bytes
R11=0x0000000073889e30 is an unknown value
R12=0x0000000000000000 is an unknown value
R13={method} {0x0000020be7c555e8} 'column_name' '(JI)Ljava/lang/String;' in 'org/sqlite/core/NativeDB'
R14=0x000000ca367ff2d0 is pointing into the stack for thread: 0x0000020bcd600000
R15=0x0000020bcd600000 is a thread


Stack: [0x000000ca36700000,0x000000ca36800000],  sp=0x000000ca367ff170,  free space=1020k
Native frames: (J=compiled Java code, j=interpreted, Vv=VM code, C=native code)
C  [sqlite-3.8.11.2-87430f8d-1950-49c6-a6ad-6a7b88e3746e-sqlitejdbc.dll+0x5988]
C  [sqlite-3.8.11.2-87430f8d-1950-49c6-a6ad-6a7b88e3746e-sqlitejdbc.dll+0x2343]
C  0x0000020bcf03abb2

Java frames: (J=compiled Java code, j=interpreted, Vv=VM code)
j  org.sqlite.core.NativeDB.column_name(JI)Ljava/lang/String;+0
j  org.sqlite.jdbc3.JDBC3ResultSet.getColumnName(I)Ljava/lang/String;+16
j  com.kraftics.krafticslib.database.sql.DatabaseSQL.collectionFrom(Ljava/lang/String;Ljava/sql/ResultSet;)Lcom/kraftics/krafticslib/database/sql/CollectionSQL;+57
j  com.kraftics.krafticslib.database.sql.DatabaseSQL.getCollection(Ljava/lang/String;)Lcom/kraftics/krafticslib/database/sql/CollectionSQL;+34
j  com.kraftics.krafticslib.database.sql.DatabaseSQL.main([Ljava/lang/String;)V+27
v  ~StubRoutines::call_stub

---------------  P R O C E S S  ---------------

Java Threads: ( => current thread )
  0x0000020be8b7c000 JavaThread "Service Thread" daemon [_thread_blocked, id=21928, stack(0x000000ca37600000,0x000000ca37700000)]
  0x0000020be8af9000 JavaThread "C1 CompilerThread2" daemon [_thread_blocked, id=16412, stack(0x000000ca37500000,0x000000ca37600000)]
  0x0000020be8af8000 JavaThread "C2 CompilerThread1" daemon [_thread_blocked, id=20416, stack(0x000000ca37400000,0x000000ca37500000)]
  0x0000020be8af6000 JavaThread "C2 CompilerThread0" daemon [_thread_blocked, id=11608, stack(0x000000ca37300000,0x000000ca37400000)]
  0x0000020be8aee000 JavaThread "Attach Listener" daemon [_thread_blocked, id=7216, stack(0x000000ca37200000,0x000000ca37300000)]
  0x0000020be8aed800 JavaThread "Signal Dispatcher" daemon [_thread_blocked, id=1716, stack(0x000000ca37100000,0x000000ca37200000)]
  0x0000020be813b000 JavaThread "Finalizer" daemon [_thread_blocked, id=21440, stack(0x000000ca37000000,0x000000ca37100000)]
  0x0000020be8133800 JavaThread "Reference Handler" daemon [_thread_blocked, id=22124, stack(0x000000ca36f00000,0x000000ca37000000)]
=>0x0000020bcd600000 JavaThread "main" [_thread_in_native, id=8480, stack(0x000000ca36700000,0x000000ca36800000)]

Other Threads:
  0x0000020be8ab2000 VMThread [stack: 0x000000ca36e00000,0x000000ca36f00000] [id=2228]
  0x0000020be8bb1800 WatcherThread [stack: 0x000000ca37700000,0x000000ca37800000] [id=20264]

VM state:not at safepoint (normal execution)

VM Mutex/Monitor currently owned by a thread: None

heap address: 0x00000006c1e00000, size: 4066 MB, Compressed Oops mode: Zero based, Oop shift amount: 3
Narrow klass base: 0x0000000000000000, Narrow klass shift: 3
Compressed class space size: 1073741824 Address: 0x00000007c0000000

Heap:
 PSYoungGen      total 76288K, used 6569K [0x000000076b500000, 0x0000000770a00000, 0x00000007c0000000)
  eden space 65536K, 10% used [0x000000076b500000,0x000000076bb6a718,0x000000076f500000)
  from space 10752K, 0% used [0x000000076ff80000,0x000000076ff80000,0x0000000770a00000)
  to   space 10752K, 0% used [0x000000076f500000,0x000000076f500000,0x000000076ff80000)
 ParOldGen       total 175104K, used 0K [0x00000006c1e00000, 0x00000006cc900000, 0x000000076b500000)
  object space 175104K, 0% used [0x00000006c1e00000,0x00000006c1e00000,0x00000006cc900000)
 Metaspace       used 5213K, capacity 5316K, committed 5504K, reserved 1056768K
  class space    used 589K, capacity 624K, committed 640K, reserved 1048576K

Card table byte_map: [0x0000020bde3e0000,0x0000020bdebe0000] byte_map_base: 0x0000020bdadd1000

Marking Bits: (ParMarkBitMap*) 0x0000000073e44fb0
 Begin Bits: [0x0000020bdf130000, 0x0000020be30b8000)
 End Bits:   [0x0000020be30b8000, 0x0000020be7040000)

Polling page: 0x0000020bcd770000

CodeCache: size=245760Kb used=1647Kb max_used=1659Kb free=244112Kb
 bounds [0x0000020bcf020000, 0x0000020bcf290000, 0x0000020bde020000]
 total_blobs=546 nmethods=253 adapters=206
 compilation: enabled

Compilation events (10 events):
Event: 0.473 Thread 0x0000020be8af9000  249       3       java.util.regex.Pattern$Single::isSatisfiedBy (14 bytes)
Event: 0.474 Thread 0x0000020be8af9000 nmethod 249 0x0000020bcf1b26d0 code [0x0000020bcf1b2820, 0x0000020bcf1b29d8]
Event: 0.474 Thread 0x0000020be8af9000  250       3       sun.net.util.IPAddressUtil::checkHostString (53 bytes)
Event: 0.474 Thread 0x0000020be8af9000 nmethod 250 0x0000020bcf1b6950 code [0x0000020bcf1b6b60, 0x0000020bcf1b75c0]
Event: 0.474 Thread 0x0000020be8af9000  251       3       sun.net.util.IPAddressUtil::scan (92 bytes)
Event: 0.475 Thread 0x0000020be8af9000 nmethod 251 0x0000020bcf1bc150 code [0x0000020bcf1bc320, 0x0000020bcf1bcb50]
Event: 0.475 Thread 0x0000020be8af8000  252       4       java.lang.String::indexOf (166 bytes)
Event: 0.475 Thread 0x0000020be8af9000  253   !   3       java.lang.ref.ReferenceQueue::poll (28 bytes)
Event: 0.475 Thread 0x0000020be8af9000 nmethod 253 0x0000020bcf1b6350 code [0x0000020bcf1b64c0, 0x0000020bcf1b6850]
Event: 0.479 Thread 0x0000020be8af8000 nmethod 252 0x0000020bcf1b1dd0 code [0x0000020bcf1b1f20, 0x0000020bcf1b2418]

GC Heap History (0 events):
No events

Deoptimization events (1 events):
Event: 0.453 Thread 0x0000020bcd600000 Uncommon trap: reason=unstable_if action=reinterpret pc=0x0000020bcf1b588c method=org.sqlite.SQLiteJDBCLoader.contentsEquals(Ljava/io/InputStream;Ljava/io/InputStream;)Z @ 39

Classes redefined (0 events):
No events

Internal exceptions (6 events):
Event: 0.024 Thread 0x0000020bcd600000 Exception <a 'java/lang/NoSuchMethodError': Method sun.misc.Unsafe.defineClass(Ljava/lang/String;[BII)Ljava/lang/Class; name or signature does not match> (0x000000076b507cc0) thrown at [C:\jenkins\workspace\8-2-build-windows-amd64-cygwin\jdk8u261\295\hots
Event: 0.024 Thread 0x0000020bcd600000 Exception <a 'java/lang/NoSuchMethodError': Method sun.misc.Unsafe.prefetchRead(Ljava/lang/Object;J)V name or signature does not match> (0x000000076b507fa8) thrown at [C:\jenkins\workspace\8-2-build-windows-amd64-cygwin\jdk8u261\295\hotspot\src\share\vm\p
Event: 0.067 Thread 0x0000020bcd600000 Exception <a 'java/security/PrivilegedActionException'> (0x000000076b598328) thrown at [C:\jenkins\workspace\8-2-build-windows-amd64-cygwin\jdk8u261\295\hotspot\src\share\vm\prims\jvm.cpp, line 1512]
Event: 0.067 Thread 0x0000020bcd600000 Exception <a 'java/security/PrivilegedActionException'> (0x000000076b598538) thrown at [C:\jenkins\workspace\8-2-build-windows-amd64-cygwin\jdk8u261\295\hotspot\src\share\vm\prims\jvm.cpp, line 1512]
Event: 0.067 Thread 0x0000020bcd600000 Exception <a 'java/security/PrivilegedActionException'> (0x000000076b59c630) thrown at [C:\jenkins\workspace\8-2-build-windows-amd64-cygwin\jdk8u261\295\hotspot\src\share\vm\prims\jvm.cpp, line 1512]
Event: 0.067 Thread 0x0000020bcd600000 Exception <a 'java/security/PrivilegedActionException'> (0x000000076b59c840) thrown at [C:\jenkins\workspace\8-2-build-windows-amd64-cygwin\jdk8u261\295\hotspot\src\share\vm\prims\jvm.cpp, line 1512]

Events (10 events):
Event: 0.474 loading class org/sqlite/jdbc3/JDBC3PreparedStatement
Event: 0.474 loading class org/sqlite/jdbc3/JDBC3PreparedStatement done
Event: 0.475 loading class org/sqlite/core/CorePreparedStatement
Event: 0.475 loading class org/sqlite/core/CorePreparedStatement done
Event: 0.475 Thread 0x0000020bcd600000 DEOPT PACKING pc=0x0000020bcf137176 sp=0x000000ca367f8380
Event: 0.475 Thread 0x0000020bcd600000 DEOPT UNPACKING pc=0x0000020bcf067898 sp=0x000000ca367f8058 mode 0
Event: 0.475 loading class java/sql/Date
Event: 0.475 loading class java/sql/Date done
Event: 0.476 loading class com/kraftics/krafticslib/database/sql/ObjectSQL
Event: 0.476 loading class com/kraftics/krafticslib/database/sql/ObjectSQL done


Dynamic libraries:
0x00007ff6ad8a0000 - 0x00007ff6ad8e7000 	C:\Program Files\Java\jdk1.8.0_261\bin\java.exe
0x00007ffa4a7b0000 - 0x00007ffa4a9a6000 	C:\Windows\SYSTEM32\ntdll.dll
0x00007ffa49d70000 - 0x00007ffa49e2d000 	C:\Windows\System32\KERNEL32.DLL
0x00007ffa47f90000 - 0x00007ffa48259000 	C:\Windows\System32\KERNELBASE.dll
0x00007ffa49e30000 - 0x00007ffa49edc000 	C:\Windows\System32\ADVAPI32.dll
0x00007ffa4a090000 - 0x00007ffa4a12e000 	C:\Windows\System32\msvcrt.dll
0x00007ffa4a460000 - 0x00007ffa4a4fc000 	C:\Windows\System32\sechost.dll
0x00007ffa4a330000 - 0x00007ffa4a45b000 	C:\Windows\System32\RPCRT4.dll
0x00007ffa4a5d0000 - 0x00007ffa4a770000 	C:\Windows\System32\USER32.dll
0x00007ffa48540000 - 0x00007ffa48562000 	C:\Windows\System32\win32u.dll
0x00007ffa48a20000 - 0x00007ffa48a4a000 	C:\Windows\System32\GDI32.dll
0x00007ffa486a0000 - 0x00007ffa487a9000 	C:\Windows\System32\gdi32full.dll
0x00007ffa47ef0000 - 0x00007ffa47f8d000 	C:\Windows\System32\msvcp_win.dll
0x00007ffa48440000 - 0x00007ffa48540000 	C:\Windows\System32\ucrtbase.dll
0x00007ffa3c640000 - 0x00007ffa3c8db000 	C:\Windows\WinSxS\amd64_microsoft.windows.common-controls_6595b64144ccf1df_6.0.19041.488_none_ca04af081b815d21\COMCTL32.dll
0x00007ffa48f50000 - 0x00007ffa48f80000 	C:\Windows\System32\IMM32.DLL
0x00007ffa29250000 - 0x00007ffa29265000 	C:\Program Files\Java\jdk1.8.0_261\jre\bin\vcruntime140.dll
0x00007ff9fb570000 - 0x00007ff9fb60b000 	C:\Program Files\Java\jdk1.8.0_261\jre\bin\msvcp140.dll
0x0000000073650000 - 0x0000000073ebc000 	C:\Program Files\Java\jdk1.8.0_261\jre\bin\server\jvm.dll
0x00007ffa49d60000 - 0x00007ffa49d68000 	C:\Windows\System32\PSAPI.DLL
0x00007ffa407e0000 - 0x00007ffa407ea000 	C:\Windows\SYSTEM32\VERSION.dll
0x00007ffa41420000 - 0x00007ffa41429000 	C:\Windows\SYSTEM32\WSOCK32.dll
0x00007ffa3ff50000 - 0x00007ffa3ff77000 	C:\Windows\SYSTEM32\WINMM.dll
0x00007ffa4a1e0000 - 0x00007ffa4a24b000 	C:\Windows\System32\WS2_32.dll
0x00007ffa45e50000 - 0x00007ffa45e62000 	C:\Windows\SYSTEM32\kernel.appcore.dll
0x00007ffa37fd0000 - 0x00007ffa37fe0000 	C:\Program Files\Java\jdk1.8.0_261\jre\bin\verify.dll
0x00007ffa24f60000 - 0x00007ffa24f8b000 	C:\Program Files\Java\jdk1.8.0_261\jre\bin\java.dll
0x00007ffa27870000 - 0x00007ffa27888000 	C:\Program Files\Java\jdk1.8.0_261\jre\bin\zip.dll
0x00007ffa49600000 - 0x00007ffa49d42000 	C:\Windows\System32\SHELL32.dll
0x00007ffa46050000 - 0x00007ffa467e5000 	C:\Windows\SYSTEM32\windows.storage.dll
0x00007ffa49240000 - 0x00007ffa49596000 	C:\Windows\System32\combase.dll
0x00007ffa47960000 - 0x00007ffa4798c000 	C:\Windows\SYSTEM32\Wldp.dll
0x00007ffa48870000 - 0x00007ffa4891e000 	C:\Windows\System32\SHCORE.dll
0x00007ffa48f80000 - 0x00007ffa48fd5000 	C:\Windows\System32\shlwapi.dll
0x00007ffa47e20000 - 0x00007ffa47e46000 	C:\Windows\SYSTEM32\profapi.dll
0x00007ffa478b0000 - 0x00007ffa478c8000 	C:\Windows\SYSTEM32\CRYPTSP.dll
0x00007ffa47000000 - 0x00007ffa47034000 	C:\Windows\system32\rsaenh.dll
0x00007ffa48620000 - 0x00007ffa48647000 	C:\Windows\System32\bcrypt.dll
0x00007ffa47de0000 - 0x00007ffa47e0e000 	C:\Windows\SYSTEM32\USERENV.dll
0x00007ffa48260000 - 0x00007ffa482e0000 	C:\Windows\System32\bcryptprimitives.dll
0x00007ffa478d0000 - 0x00007ffa478dc000 	C:\Windows\SYSTEM32\CRYPTBASE.dll
0x00007ffa264e0000 - 0x00007ffa264fc000 	C:\Program Files\Java\jdk1.8.0_261\jre\bin\net.dll
0x00007ffa476e0000 - 0x00007ffa4774a000 	C:\Windows\system32\mswsock.dll
0x00007ffa47380000 - 0x00007ffa473bb000 	C:\Windows\SYSTEM32\IPHLPAPI.DLL
0x00007ffa49d50000 - 0x00007ffa49d58000 	C:\Windows\System32\NSI.dll
0x00007ffa412e0000 - 0x00007ffa412f7000 	C:\Windows\SYSTEM32\dhcpcsvc6.DLL
0x00007ffa412c0000 - 0x00007ffa412dd000 	C:\Windows\SYSTEM32\dhcpcsvc.DLL
0x00007ffa473c0000 - 0x00007ffa4748b000 	C:\Windows\SYSTEM32\DNSAPI.dll
0x00007ffa1fca0000 - 0x00007ffa1fcb3000 	C:\Program Files\Java\jdk1.8.0_261\jre\bin\nio.dll
0x000000006d580000 - 0x000000006d63d000 	C:\Users\fireg\AppData\Local\Temp\sqlite-3.8.11.2-87430f8d-1950-49c6-a6ad-6a7b88e3746e-sqlitejdbc.dll
0x00007ffa3e310000 - 0x00007ffa3e4f4000 	C:\Windows\SYSTEM32\dbghelp.dll

VM Arguments:
jvm_args: -Dfile.encoding=windows-1252 -Duser.country=US -Duser.language=en -Duser.variant 
java_command: com.kraftics.krafticslib.database.sql.DatabaseSQL
java_class_path (initial): C:\Users\fireg\IdeaProjects\KrafticsLib\build\classes\java\main;C:\Users\fireg\IdeaProjects\KrafticsLib\build\resources\main;C:\Users\fireg\.gradle\caches\modules-2\files-2.1\org.xerial\sqlite-jdbc\3.8.11.2\dec208cba8debb0a8b9204b08d8d887d63041f0f\sqlite-jdbc-3.8.11.2.jar;C:\Users\fireg\.gradle\caches\modules-2\files-2.1\com.google.code.findbugs\jsr305\3.0.2\25ea2e8b0c338a877313bd4672d3fe056ea78f0d\jsr305-3.0.2.jar
Launcher Type: SUN_STANDARD

Environment Variables:
JAVA_HOME=C:\Program Files\Java\jdk1.8.0_261
PATH=C:\Windows\system32;C:\Windows;C:\Program Files\Java\jdk1.8.0_261\bin;C:\Program Files\Java\jdk-11.0.8\bin;C:\Windows\System32\Wbem;C:\Windows\System32\WindowsPowerShell\v1.0\;C:\Windows\System32\OpenSSH\;C:\Program Files\MinGW\bin;C:\Program Files\Microsoft VS Code\bin;C:\Program Files\Git\cmd;C:\Program Files\nodejs\;C:\Program Files\PuTTY\;C:\Program Files\dotnet\;C:\Program Files (x86)\NVIDIA Corporation\PhysX\Common;C:\Program Files\NVIDIA Corporation\NVIDIA NvDLISR;C:\Users\fireg\AppData\Local\Microsoft\WindowsApps;C:\Users\fireg\AppData\Roaming\npm;C:\Users\fireg\.dotnet\tools
USERNAME=fireg
OS=Windows_NT
PROCESSOR_IDENTIFIER=Intel64 Family 6 Model 158 Stepping 10, GenuineIntel



---------------  S Y S T E M  ---------------

OS: Windows 10.0 , 64 bit Build 19041 (10.0.19041.662)

CPU:total 6 (initial active 6) (6 cores per cpu, 1 threads per core) family 6 model 158 stepping 10, cmov, cx8, fxsr, mmx, sse, sse2, sse3, ssse3, sse4.1, sse4.2, popcnt, avx, avx2, aes, clmul, erms, 3dnowpref, lzcnt, tsc, tscinvbit, bmi1, bmi2, adx

Memory: 4k page, physical 16649816k(8718612k free), swap 19140184k(7518704k free)

vm_info: Java HotSpot(TM) 64-Bit Server VM (25.261-b12) for windows-amd64 JRE (1.8.0_261-b12), built on Jun 18 2020 06:56:32 by "" with unknown MS VC++:1916

time: Fri Dec 25 11:28:12 2020
timezone: Central Europe Standard Time
elapsed time: 0 seconds (0d 0h 0m 0s)

