#
# A fatal error has been detected by the Java Runtime Environment:
#
#  EXCEPTION_ACCESS_VIOLATION (0xc0000005) at pc=0x000000006d585988, pid=21440, tid=0x0000000000002928
#
# JRE version: Java(TM) SE Runtime Environment (8.0_261-b12) (build 1.8.0_261-b12)
# Java VM: Java HotSpot(TM) 64-Bit Server VM (25.261-b12 mixed mode windows-amd64 compressed oops)
# Problematic frame:
# C  [sqlite-3.8.11.2-40bea130-59d9-4bcf-b89e-85dacf364240-sqlitejdbc.dll+0x5988]
#
# Failed to write core dump. Minidumps are not enabled by default on client versions of Windows
#
# If you would like to submit a bug report, please visit:
#   http://bugreport.java.com/bugreport/crash.jsp
# The crash happened outside the Java Virtual Machine in native code.
# See problematic frame for where to report the bug.
#

---------------  T H R E A D  ---------------

Current thread (0x0000012016066000):  JavaThread "main" [_thread_in_native, id=10536, stack(0x0000001616a00000,0x0000001616b00000)]

siginfo: ExceptionCode=0xc0000005, reading address 0x0000000000000000

Registers:
RAX=0x000000006d582330, RBX=0x00000120160661f8, RCX=0x0000000000000000, RDX=0x0000000000000000
RSP=0x0000001616aff390, RBP=0x0000001616aff4b8, RSI=0x0000000091000021, RDI=0x0000012017a2843d
R8 =0x000000006d5b0b10, R9 =0x0000000000000000, R10=0x0000012017a4617e, R11=0x0000000073889e30
R12=0x0000000000000000, R13=0x00000120306a5a58, R14=0x0000001616aff4f0, R15=0x0000012016066000
RIP=0x000000006d585988, EFLAGS=0x0000000000010206

Top of Stack: (sp=0x0000001616aff390)
0x0000001616aff390:   000001203071dd58 000001203071dd58
0x0000001616aff3a0:   00000120306a2240 0000001616aff4e8
0x0000001616aff3b0:   0000000000000000 00000120306a2240
0x0000001616aff3c0:   00000007c006c408 00000120160661f8
0x0000001616aff3d0:   0000000091000021 0000012017a2843d
0x0000001616aff3e0:   0000001616aff4b8 000000006d582343
0x0000001616aff3f0:   0000012000000005 0000001616aff4d8
0x0000001616aff400:   0000012017a59143 0000012017a256d0
0x0000001616aff410:   00000120306a5a58 0000012017a461aa
0x0000001616aff420:   0000001616aff4d8 000001203071dd58
0x0000001616aff430:   0000012016066000 0000012030722ca8
0x0000001616aff440:   00000120000000b6 0000012030722cd0
0x0000001616aff450:   0000012016066000 000001203071dd58
0x0000001616aff460:   0000012016066000 0000000000000001
0x0000001616aff470:   000000076bb8bdf8 0000001616aff468
0x0000001616aff480:   0000000000000000 0000001616aff4f0 

Instructions: (pc=0x000000006d585988)
0x000000006d585968:   83 79 28 00 74 07 0f b7 81 88 00 00 00 f3 c3 66
0x000000006d585978:   0f 1f 84 00 00 00 00 00 55 57 56 53 48 83 ec 38
0x000000006d585988:   48 8b 31 0f b7 81 88 00 00 00 85 d2 48 89 cb 4c
0x000000006d585998:   89 c7 78 74 39 c2 7d 70 44 89 cd 48 8b 4e 18 0f 


Register to memory mapping:

RAX=0x000000006d582330 is an unknown value
RBX=0x00000120160661f8 is an unknown value
RCX=0x0000000000000000 is an unknown value
RDX=0x0000000000000000 is an unknown value
RSP=0x0000001616aff390 is pointing into the stack for thread: 0x0000012016066000
RBP=0x0000001616aff4b8 is pointing into the stack for thread: 0x0000012016066000
RSI=0x0000000091000021 is an unknown value
RDI=0x0000012017a2843d is at code_begin+2301 in an Interpreter codelet
invoke return entry points  [0x0000012017a27b40, 0x0000012017a28520]  2528 bytes
R8 =0x000000006d5b0b10 is an unknown value
R9 =0x0000000000000000 is an unknown value
R10=0x0000012017a4617e is at code_begin+2526 in an Interpreter codelet
method entry point (kind = native_synchronized)  [0x0000012017a457a0, 0x0000012017a46ce0]  5440 bytes
R11=0x0000000073889e30 is an unknown value
R12=0x0000000000000000 is an unknown value
R13={method} {0x00000120306a5a60} 'column_name' '(JI)Ljava/lang/String;' in 'org/sqlite/core/NativeDB'
R14=0x0000001616aff4f0 is pointing into the stack for thread: 0x0000012016066000
R15=0x0000012016066000 is a thread


Stack: [0x0000001616a00000,0x0000001616b00000],  sp=0x0000001616aff390,  free space=1020k
Native frames: (J=compiled Java code, j=interpreted, Vv=VM code, C=native code)
C  [sqlite-3.8.11.2-40bea130-59d9-4bcf-b89e-85dacf364240-sqlitejdbc.dll+0x5988]
C  [sqlite-3.8.11.2-40bea130-59d9-4bcf-b89e-85dacf364240-sqlitejdbc.dll+0x2343]
C  0x0000012017a461aa

Java frames: (J=compiled Java code, j=interpreted, Vv=VM code)
j  org.sqlite.core.NativeDB.column_name(JI)Ljava/lang/String;+0
j  org.sqlite.jdbc3.JDBC3ResultSet.getColumnName(I)Ljava/lang/String;+16
j  com.kraftics.krafticslib.database.sql.DatabaseSQL.collectionFrom(Ljava/lang/String;Ljava/sql/ResultSet;)Lcom/kraftics/krafticslib/database/sql/CollectionSQL;+57
j  com.kraftics.krafticslib.database.sql.DatabaseSQL.getCollection(Ljava/lang/String;)Lcom/kraftics/krafticslib/database/sql/CollectionSQL;+34
j  com.kraftics.krafticslib.database.sql.DatabaseSQL.main([Ljava/lang/String;)V+27
v  ~StubRoutines::call_stub

---------------  P R O C E S S  ---------------

Java Threads: ( => current thread )
  0x0000012031601000 JavaThread "Service Thread" daemon [_thread_blocked, id=20672, stack(0x0000001617c00000,0x0000001617d00000)]
  0x0000012031572000 JavaThread "C1 CompilerThread2" daemon [_thread_blocked, id=23004, stack(0x0000001617b00000,0x0000001617c00000)]
  0x0000012031571000 JavaThread "C2 CompilerThread1" daemon [_thread_blocked, id=21928, stack(0x0000001617a00000,0x0000001617b00000)]
  0x000001203155e800 JavaThread "C2 CompilerThread0" daemon [_thread_blocked, id=24268, stack(0x0000001617900000,0x0000001617a00000)]
  0x000001203154f000 JavaThread "JDWP Command Reader" daemon [_thread_in_native, id=24004, stack(0x0000001617800000,0x0000001617900000)]
  0x000001203154d000 JavaThread "JDWP Event Helper Thread" daemon [_thread_blocked, id=2228, stack(0x0000001617700000,0x0000001617800000)]
  0x000001203154b000 JavaThread "JDWP Transport Listener: dt_socket" daemon [_thread_blocked, id=17900, stack(0x0000001617600000,0x0000001617700000)]
  0x0000012031535800 JavaThread "Attach Listener" daemon [_thread_blocked, id=8428, stack(0x0000001617500000,0x0000001617600000)]
  0x0000012031535000 JavaThread "Signal Dispatcher" daemon [_thread_blocked, id=4772, stack(0x0000001617400000,0x0000001617500000)]
  0x0000012031519000 JavaThread "Finalizer" daemon [_thread_blocked, id=24272, stack(0x0000001617300000,0x0000001617400000)]
  0x0000012031517000 JavaThread "Reference Handler" daemon [_thread_blocked, id=23868, stack(0x0000001617200000,0x0000001617300000)]
=>0x0000012016066000 JavaThread "main" [_thread_in_native, id=10536, stack(0x0000001616a00000,0x0000001616b00000)]

Other Threads:
  0x00000120314f3800 VMThread [stack: 0x0000001617100000,0x0000001617200000] [id=23900]
  0x0000012032528800 WatcherThread [stack: 0x0000001617d00000,0x0000001617e00000] [id=12344]

VM state:not at safepoint (normal execution)

VM Mutex/Monitor currently owned by a thread: None

heap address: 0x00000006c1e00000, size: 4066 MB, Compressed Oops mode: Zero based, Oop shift amount: 3
Narrow klass base: 0x0000000000000000, Narrow klass shift: 3
Compressed class space size: 1073741824 Address: 0x00000007c0000000

Heap:
 PSYoungGen      total 76288K, used 7880K [0x000000076b500000, 0x0000000770a00000, 0x00000007c0000000)
  eden space 65536K, 12% used [0x000000076b500000,0x000000076bcb2290,0x000000076f500000)
  from space 10752K, 0% used [0x000000076ff80000,0x000000076ff80000,0x0000000770a00000)
  to   space 10752K, 0% used [0x000000076f500000,0x000000076f500000,0x000000076ff80000)
 ParOldGen       total 175104K, used 0K [0x00000006c1e00000, 0x00000006cc900000, 0x000000076b500000)
  object space 175104K, 0% used [0x00000006c1e00000,0x00000006c1e00000,0x00000006cc900000)
 Metaspace       used 5282K, capacity 5392K, committed 5504K, reserved 1056768K
  class space    used 589K, capacity 624K, committed 640K, reserved 1048576K

Card table byte_map: [0x0000012026de0000,0x00000120275e0000] byte_map_base: 0x00000120237d1000

Marking Bits: (ParMarkBitMap*) 0x0000000073e44fb0
 Begin Bits: [0x0000012027b30000, 0x000001202bab8000)
 End Bits:   [0x000001202bab8000, 0x000001202fa40000)

Polling page: 0x00000120179d0000

CodeCache: size=245760Kb used=1754Kb max_used=1767Kb free=244005Kb
 bounds [0x0000012017a20000, 0x0000012017c90000, 0x0000012026a20000]
 total_blobs=541 nmethods=256 adapters=206
 compilation: enabled

Compilation events (10 events):
Event: 0.530 Thread 0x0000012031572000  252       3       java.net.URLStreamHandler::parseURL (1193 bytes)
Event: 0.532 Thread 0x000001203155e800 nmethod 246% 0x0000012017bbb0d0 code [0x0000012017bbb220, 0x0000012017bbbb18]
Event: 0.535 Thread 0x0000012031572000 nmethod 252 0x0000012017bc6990 code [0x0000012017bc7560, 0x0000012017bd1570]
Event: 0.535 Thread 0x0000012031572000  255       3       sun.net.util.IPAddressUtil::scan (92 bytes)
Event: 0.535 Thread 0x0000012031571000  256       4       java.lang.String::indexOf (166 bytes)
Event: 0.535 Thread 0x0000012031572000 nmethod 255 0x0000012017bc5990 code [0x0000012017bc5b80, 0x0000012017bc63f0]
Event: 0.535 Thread 0x0000012031572000  253       1       java.security.CodeSource::getLocation (5 bytes)
Event: 0.535 Thread 0x0000012031572000 nmethod 253 0x0000012017bc56d0 code [0x0000012017bc5820, 0x0000012017bc5938]
Event: 0.535 Thread 0x0000012031572000  254       1       java.util.zip.ZipCoder::isUTF8 (5 bytes)
Event: 0.536 Thread 0x0000012031572000 nmethod 254 0x0000012017bc5410 code [0x0000012017bc5560, 0x0000012017bc5678]

GC Heap History (0 events):
No events

Deoptimization events (1 events):
Event: 0.496 Thread 0x0000012016066000 Uncommon trap: reason=unstable_if action=reinterpret pc=0x0000012017bbed34 method=org.sqlite.SQLiteJDBCLoader.contentsEquals(Ljava/io/InputStream;Ljava/io/InputStream;)Z @ 39

Classes redefined (0 events):
No events

Internal exceptions (6 events):
Event: 0.025 Thread 0x0000012016066000 Exception <a 'java/lang/NoSuchMethodError': Method sun.misc.Unsafe.defineClass(Ljava/lang/String;[BII)Ljava/lang/Class; name or signature does not match> (0x000000076b507cc0) thrown at [C:\jenkins\workspace\8-2-build-windows-amd64-cygwin\jdk8u261\295\hots
Event: 0.025 Thread 0x0000012016066000 Exception <a 'java/lang/NoSuchMethodError': Method sun.misc.Unsafe.prefetchRead(Ljava/lang/Object;J)V name or signature does not match> (0x000000076b507fa8) thrown at [C:\jenkins\workspace\8-2-build-windows-amd64-cygwin\jdk8u261\295\hotspot\src\share\vm\p
Event: 0.080 Thread 0x0000012016066000 Exception <a 'java/security/PrivilegedActionException'> (0x000000076b599a58) thrown at [C:\jenkins\workspace\8-2-build-windows-amd64-cygwin\jdk8u261\295\hotspot\src\share\vm\prims\jvm.cpp, line 1512]
Event: 0.080 Thread 0x0000012016066000 Exception <a 'java/security/PrivilegedActionException'> (0x000000076b599c68) thrown at [C:\jenkins\workspace\8-2-build-windows-amd64-cygwin\jdk8u261\295\hotspot\src\share\vm\prims\jvm.cpp, line 1512]
Event: 0.080 Thread 0x0000012016066000 Exception <a 'java/security/PrivilegedActionException'> (0x000000076b59dd60) thrown at [C:\jenkins\workspace\8-2-build-windows-amd64-cygwin\jdk8u261\295\hotspot\src\share\vm\prims\jvm.cpp, line 1512]
Event: 0.080 Thread 0x0000012016066000 Exception <a 'java/security/PrivilegedActionException'> (0x000000076b59df70) thrown at [C:\jenkins\workspace\8-2-build-windows-amd64-cygwin\jdk8u261\295\hotspot\src\share\vm\prims\jvm.cpp, line 1512]

Events (10 events):
Event: 0.535 Thread 0x0000012016066000 DEOPT PACKING pc=0x0000012017b370c0 sp=0x0000001616af8800
Event: 0.535 Thread 0x0000012016066000 DEOPT UNPACKING pc=0x0000012017a67898 sp=0x0000001616af84d8 mode 0
Event: 0.536 loading class java/sql/Date
Event: 0.536 loading class java/sql/Date done
Event: 0.537 loading class com/kraftics/krafticslib/database/sql/ObjectSQL
Event: 0.537 loading class com/kraftics/krafticslib/database/sql/ObjectSQL done
Event: 0.537 Thread 0x0000012016066000 DEOPT PACKING pc=0x0000012017bc01b4 sp=0x0000001616afe270
Event: 0.537 Thread 0x0000012016066000 DEOPT UNPACKING pc=0x0000012017a67898 sp=0x0000001616afe090 mode 1
Event: 0.537 Thread 0x0000012016066000 DEOPT PACKING pc=0x0000012017bbff44 sp=0x0000001616afe400
Event: 0.537 Thread 0x0000012016066000 DEOPT UNPACKING pc=0x0000012017a67898 sp=0x0000001616afe238 mode 1


Dynamic libraries:
0x00007ff6ad8a0000 - 0x00007ff6ad8e7000 	C:\Program Files\Java\jdk1.8.0_261\bin\java.exe
0x00007ffa4a7b0000 - 0x00007ffa4a9a6000 	C:\Windows\SYSTEM32\ntdll.dll
0x00007ffa49d70000 - 0x00007ffa49e2d000 	C:\Windows\System32\KERNEL32.DLL
0x00007ffa47f90000 - 0x00007ffa48259000 	C:\Windows\System32\KERNELBASE.dll
0x00007ffa49e30000 - 0x00007ffa49edc000 	C:\Windows\System32\ADVAPI32.dll
0x00007ffa4a090000 - 0x00007ffa4a12e000 	C:\Windows\System32\msvcrt.dll
0x00007ffa4a460000 - 0x00007ffa4a4fc000 	C:\Windows\System32\sechost.dll
0x00007ffa4a330000 - 0x00007ffa4a45b000 	C:\Windows\System32\RPCRT4.dll
0x00007ffa4a5d0000 - 0x00007ffa4a770000 	C:\Windows\System32\USER32.dll
0x00007ffa48540000 - 0x00007ffa48562000 	C:\Windows\System32\win32u.dll
0x00007ffa48a20000 - 0x00007ffa48a4a000 	C:\Windows\System32\GDI32.dll
0x00007ffa486a0000 - 0x00007ffa487a9000 	C:\Windows\System32\gdi32full.dll
0x00007ffa47ef0000 - 0x00007ffa47f8d000 	C:\Windows\System32\msvcp_win.dll
0x00007ffa48440000 - 0x00007ffa48540000 	C:\Windows\System32\ucrtbase.dll
0x00007ffa3c640000 - 0x00007ffa3c8db000 	C:\Windows\WinSxS\amd64_microsoft.windows.common-controls_6595b64144ccf1df_6.0.19041.488_none_ca04af081b815d21\COMCTL32.dll
0x00007ffa48f50000 - 0x00007ffa48f80000 	C:\Windows\System32\IMM32.DLL
0x00007ffa29250000 - 0x00007ffa29265000 	C:\Program Files\Java\jdk1.8.0_261\jre\bin\vcruntime140.dll
0x00007ff9fb570000 - 0x00007ff9fb60b000 	C:\Program Files\Java\jdk1.8.0_261\jre\bin\msvcp140.dll
0x0000000073650000 - 0x0000000073ebc000 	C:\Program Files\Java\jdk1.8.0_261\jre\bin\server\jvm.dll
0x00007ffa49d60000 - 0x00007ffa49d68000 	C:\Windows\System32\PSAPI.DLL
0x00007ffa41420000 - 0x00007ffa41429000 	C:\Windows\SYSTEM32\WSOCK32.dll
0x00007ffa407e0000 - 0x00007ffa407ea000 	C:\Windows\SYSTEM32\VERSION.dll
0x00007ffa3ff50000 - 0x00007ffa3ff77000 	C:\Windows\SYSTEM32\WINMM.dll
0x00007ffa4a1e0000 - 0x00007ffa4a24b000 	C:\Windows\System32\WS2_32.dll
0x00007ffa45e50000 - 0x00007ffa45e62000 	C:\Windows\SYSTEM32\kernel.appcore.dll
0x00007ffa37fd0000 - 0x00007ffa37fe0000 	C:\Program Files\Java\jdk1.8.0_261\jre\bin\verify.dll
0x00007ffa24f60000 - 0x00007ffa24f8b000 	C:\Program Files\Java\jdk1.8.0_261\jre\bin\java.dll
0x00007ffa0ea60000 - 0x00007ffa0ea96000 	C:\Program Files\Java\jdk1.8.0_261\jre\bin\jdwp.dll
0x00007ffa414d0000 - 0x00007ffa414d9000 	C:\Program Files\Java\jdk1.8.0_261\jre\bin\npt.dll
0x00007ffa27870000 - 0x00007ffa27888000 	C:\Program Files\Java\jdk1.8.0_261\jre\bin\zip.dll
0x00007ffa49600000 - 0x00007ffa49d42000 	C:\Windows\System32\SHELL32.dll
0x00007ffa46050000 - 0x00007ffa467e5000 	C:\Windows\SYSTEM32\windows.storage.dll
0x00007ffa49240000 - 0x00007ffa49596000 	C:\Windows\System32\combase.dll
0x00007ffa47960000 - 0x00007ffa4798c000 	C:\Windows\SYSTEM32\Wldp.dll
0x00007ffa48870000 - 0x00007ffa4891e000 	C:\Windows\System32\SHCORE.dll
0x00007ffa48f80000 - 0x00007ffa48fd5000 	C:\Windows\System32\shlwapi.dll
0x00007ffa47e20000 - 0x00007ffa47e46000 	C:\Windows\SYSTEM32\profapi.dll
0x00007ffa32a80000 - 0x00007ffa32a8a000 	C:\Program Files\Java\jdk1.8.0_261\jre\bin\dt_socket.dll
0x00007ffa476e0000 - 0x00007ffa4774a000 	C:\Windows\system32\mswsock.dll
0x00007ffa478b0000 - 0x00007ffa478c8000 	C:\Windows\SYSTEM32\CRYPTSP.dll
0x00007ffa47000000 - 0x00007ffa47034000 	C:\Windows\system32\rsaenh.dll
0x00007ffa48620000 - 0x00007ffa48647000 	C:\Windows\System32\bcrypt.dll
0x00007ffa47de0000 - 0x00007ffa47e0e000 	C:\Windows\SYSTEM32\USERENV.dll
0x00007ffa48260000 - 0x00007ffa482e0000 	C:\Windows\System32\bcryptprimitives.dll
0x00007ffa478d0000 - 0x00007ffa478dc000 	C:\Windows\SYSTEM32\CRYPTBASE.dll
0x00007ffa264e0000 - 0x00007ffa264fc000 	C:\Program Files\Java\jdk1.8.0_261\jre\bin\net.dll
0x00007ffa47380000 - 0x00007ffa473bb000 	C:\Windows\SYSTEM32\IPHLPAPI.DLL
0x00007ffa49d50000 - 0x00007ffa49d58000 	C:\Windows\System32\NSI.dll
0x00007ffa412e0000 - 0x00007ffa412f7000 	C:\Windows\SYSTEM32\dhcpcsvc6.DLL
0x00007ffa412c0000 - 0x00007ffa412dd000 	C:\Windows\SYSTEM32\dhcpcsvc.DLL
0x00007ffa473c0000 - 0x00007ffa4748b000 	C:\Windows\SYSTEM32\DNSAPI.dll
0x00007ffa1fca0000 - 0x00007ffa1fcb3000 	C:\Program Files\Java\jdk1.8.0_261\jre\bin\nio.dll
0x000000006d580000 - 0x000000006d63d000 	C:\Users\fireg\AppData\Local\Temp\sqlite-3.8.11.2-40bea130-59d9-4bcf-b89e-85dacf364240-sqlitejdbc.dll
0x00007ffa3e310000 - 0x00007ffa3e4f4000 	C:\Windows\SYSTEM32\dbghelp.dll

VM Arguments:
jvm_args: -agentlib:jdwp=transport=dt_socket,server=n,suspend=y,address=60763 -Dfile.encoding=windows-1252 -Duser.country=US -Duser.language=en -Duser.variant 
java_command: com.kraftics.krafticslib.database.sql.DatabaseSQL
java_class_path (initial): C:\Users\fireg\IdeaProjects\KrafticsLib\build\classes\java\main;C:\Users\fireg\IdeaProjects\KrafticsLib\build\resources\main;C:\Users\fireg\.gradle\caches\modules-2\files-2.1\org.xerial\sqlite-jdbc\3.8.11.2\dec208cba8debb0a8b9204b08d8d887d63041f0f\sqlite-jdbc-3.8.11.2.jar;C:\Users\fireg\.gradle\caches\modules-2\files-2.1\com.google.code.findbugs\jsr305\3.0.2\25ea2e8b0c338a877313bd4672d3fe056ea78f0d\jsr305-3.0.2.jar
Launcher Type: SUN_STANDARD

Environment Variables:
JAVA_HOME=C:\Program Files\Java\jdk1.8.0_261
PATH=C:\Windows\system32;C:\Windows;C:\Program Files\Java\jdk1.8.0_261\bin;C:\Program Files\Java\jdk-11.0.8\bin;C:\Windows\System32\Wbem;C:\Windows\System32\WindowsPowerShell\v1.0\;C:\Windows\System32\OpenSSH\;C:\Program Files\MinGW\bin;C:\Program Files\Microsoft VS Code\bin;C:\Program Files\Git\cmd;C:\Program Files\nodejs\;C:\Program Files\PuTTY\;C:\Program Files\dotnet\;C:\Program Files (x86)\NVIDIA Corporation\PhysX\Common;C:\Program Files\NVIDIA Corporation\NVIDIA NvDLISR;C:\Users\fireg\AppData\Local\Microsoft\WindowsApps;C:\Users\fireg\AppData\Roaming\npm;C:\Users\fireg\.dotnet\tools
USERNAME=fireg
OS=Windows_NT
PROCESSOR_IDENTIFIER=Intel64 Family 6 Model 158 Stepping 10, GenuineIntel



---------------  S Y S T E M  ---------------

OS: Windows 10.0 , 64 bit Build 19041 (10.0.19041.662)

CPU:total 6 (initial active 6) (6 cores per cpu, 1 threads per core) family 6 model 158 stepping 10, cmov, cx8, fxsr, mmx, sse, sse2, sse3, ssse3, sse4.1, sse4.2, popcnt, avx, avx2, aes, clmul, erms, 3dnowpref, lzcnt, tsc, tscinvbit, bmi1, bmi2, adx

Memory: 4k page, physical 16649816k(8369000k free), swap 19140184k(6934524k free)

vm_info: Java HotSpot(TM) 64-Bit Server VM (25.261-b12) for windows-amd64 JRE (1.8.0_261-b12), built on Jun 18 2020 06:56:32 by "" with unknown MS VC++:1916

time: Fri Dec 25 11:32:50 2020
timezone: Central Europe Standard Time
elapsed time: 0 seconds (0d 0h 0m 0s)

